<?xml version="1.0" encoding="UTF-8"?>
<!-- Generated by org.testng.reporters.JUnitXMLReporter -->
<testsuite hostname="PC-20170725TZYG" name="c8ebc45e" tests="1" failures="1" timestamp="10 May 2018 05:38:41 GMT" time="79.235" errors="0">
  <testcase name="activityBannerCase" time="26.251" classname="cn.h5.appium.testcases.communityActivityCase">
    <failure type="org.openqa.selenium.InvalidSelectorException" message="Locator Strategy &amp;apos;css selector&amp;apos; is not supported for this session (WARNING: The server did not provide any stacktrace information)
Command duration or timeout: 0 milliseconds
For documentation on this error, please visit: http://seleniumhq.org/exceptions/invalid_selector_exception.html
Build info: version: &amp;apos;3.5.3&amp;apos;, revision: &amp;apos;a88d25fe6b&amp;apos;, time: &amp;apos;2017-08-29T12:42:44.417Z&amp;apos;
System info: host: &amp;apos;PC-20170725TZYG&amp;apos;, ip: &amp;apos;192.168.4.53&amp;apos;, os.name: &amp;apos;Windows 7&amp;apos;, os.arch: &amp;apos;amd64&amp;apos;, os.version: &amp;apos;6.1&amp;apos;, java.version: &amp;apos;1.8.0_141&amp;apos;
Driver info: cn.h5.appium.base.AndroidDriverBase
Capabilities [{appPackage=com.tencent.mm, noReset=true, deviceName=c8ebc45e, platform=LINUX, deviceUDID=c8ebc45e, chromedriverExecutable=D:\chromedriver.exe, desired={app=D:\hym\apk\hx_andr_app_www_1.86-201709291556.apk, appPackage=com.tencent.mm, androidUseRunningApp=true, noReset=true, noSign=true, deviceName=devicename, appActivity=com.tencent.mm.ui.LauncherUI, chromedriverExecutable=D:\chromedriver.exe, newCommandTimeout=1200, automationName=Appium, unicodeKeyboard=true, chromeOptions={args=[], extensions=[], androidProcess=com.tencent.mm:tools}, udid=c8ebc45e, platformName=Android, resetKeyboard=true}, newCommandTimeout=1200, platformVersion=6.0.1, webStorageEnabled=false, automationName=Appium, takesScreenshot=true, javascriptEnabled=true, unicodeKeyboard=true, udid=c8ebc45e, deviceManufacturer=samsung, platformName=LINUX, resetKeyboard=true, app=D:\hym\apk\hx_andr_app_www_1.86-201709291556.apk, deviceScreenSize=1080x1920, networkConnectionEnabled=true, androidUseRunningApp=true, noSign=true, warnings={}, databaseEnabled=false, appActivity=com.tencent.mm.ui.LauncherUI, locationContextEnabled=false, deviceModel=SM-C7000, chromeOptions={args=[], extensions=[], androidProcess=com.tencent.mm:tools}}]
Session ID: 3cbc04ff-882a-404a-98e3-557c179641f0
*** Element info: {Using=css selector, value=}">
      <![CDATA[org.openqa.selenium.InvalidSelectorException: Locator Strategy 'css selector' is not supported for this session (WARNING: The server did not provide any stacktrace information)
Command duration or timeout: 0 milliseconds
For documentation on this error, please visit: http://seleniumhq.org/exceptions/invalid_selector_exception.html
Build info: version: '3.5.3', revision: 'a88d25fe6b', time: '2017-08-29T12:42:44.417Z'
System info: host: 'PC-20170725TZYG', ip: '192.168.4.53', os.name: 'Windows 7', os.arch: 'amd64', os.version: '6.1', java.version: '1.8.0_141'
Driver info: cn.h5.appium.base.AndroidDriverBase
Capabilities [{appPackage=com.tencent.mm, noReset=true, deviceName=c8ebc45e, platform=LINUX, deviceUDID=c8ebc45e, chromedriverExecutable=D:\chromedriver.exe, desired={app=D:\hym\apk\hx_andr_app_www_1.86-201709291556.apk, appPackage=com.tencent.mm, androidUseRunningApp=true, noReset=true, noSign=true, deviceName=devicename, appActivity=com.tencent.mm.ui.LauncherUI, chromedriverExecutable=D:\chromedriver.exe, newCommandTimeout=1200, automationName=Appium, unicodeKeyboard=true, chromeOptions={args=[], extensions=[], androidProcess=com.tencent.mm:tools}, udid=c8ebc45e, platformName=Android, resetKeyboard=true}, newCommandTimeout=1200, platformVersion=6.0.1, webStorageEnabled=false, automationName=Appium, takesScreenshot=true, javascriptEnabled=true, unicodeKeyboard=true, udid=c8ebc45e, deviceManufacturer=samsung, platformName=LINUX, resetKeyboard=true, app=D:\hym\apk\hx_andr_app_www_1.86-201709291556.apk, deviceScreenSize=1080x1920, networkConnectionEnabled=true, androidUseRunningApp=true, noSign=true, warnings={}, databaseEnabled=false, appActivity=com.tencent.mm.ui.LauncherUI, locationContextEnabled=false, deviceModel=SM-C7000, chromeOptions={args=[], extensions=[], androidProcess=com.tencent.mm:tools}}]
Session ID: 3cbc04ff-882a-404a-98e3-557c179641f0
*** Element info: {Using=css selector, value=}
	at org.openqa.selenium.remote.ErrorHandler.createThrowable(ErrorHandler.java:215)
	at org.openqa.selenium.remote.ErrorHandler.throwIfResponseFailed(ErrorHandler.java:167)
	at org.openqa.selenium.remote.http.JsonHttpResponseCodec.reconstructValue(JsonHttpResponseCodec.java:40)
	at org.openqa.selenium.remote.http.AbstractHttpResponseCodec.decode(AbstractHttpResponseCodec.java:82)
	at org.openqa.selenium.remote.http.AbstractHttpResponseCodec.decode(AbstractHttpResponseCodec.java:45)
	at org.openqa.selenium.remote.HttpCommandExecutor.execute(HttpCommandExecutor.java:164)
	at io.appium.java_client.remote.AppiumCommandExecutor.execute(AppiumCommandExecutor.java:89)
	at org.openqa.selenium.remote.RemoteWebDriver.execute(RemoteWebDriver.java:646)
	at io.appium.java_client.DefaultGenericMobileDriver.execute(DefaultGenericMobileDriver.java:42)
	at io.appium.java_client.AppiumDriver.execute(AppiumDriver.java:1)
	at io.appium.java_client.android.AndroidDriver.execute(AndroidDriver.java:1)
	at cn.h5.appium.base.AndroidDriverBase.execute(AndroidDriverBase.java:1)
	at org.openqa.selenium.remote.RemoteWebDriver.findElement(RemoteWebDriver.java:416)
	at io.appium.java_client.DefaultGenericMobileDriver.findElement(DefaultGenericMobileDriver.java:62)
	at io.appium.java_client.AppiumDriver.findElement(AppiumDriver.java:1)
	at io.appium.java_client.android.AndroidDriver.findElement(AndroidDriver.java:1)
	at cn.h5.appium.base.AndroidDriverBase.findElement(AndroidDriverBase.java:1)
	at org.openqa.selenium.remote.RemoteWebDriver.findElementByCssSelector(RemoteWebDriver.java:510)
	at io.appium.java_client.DefaultGenericMobileDriver.findElementByCssSelector(DefaultGenericMobileDriver.java:129)
	at io.appium.java_client.AppiumDriver.findElementByCssSelector(AppiumDriver.java:1)
	at io.appium.java_client.android.AndroidDriver.findElementByCssSelector(AndroidDriver.java:1)
	at cn.h5.appium.base.AndroidDriverBase.findElementByCssSelector(AndroidDriverBase.java:1)
	at cn.h5.appium.page.communityActivityPage.activityBanner(communityActivityPage.java:30)
	at cn.h5.appium.testcases.communityActivityCase.activityBannerCase(communityActivityCase.java:40)
	at java.util.concurrent.FutureTask.run(FutureTask.java:266)
	at java.util.concurrent.ThreadPoolExecutor.runWorker(ThreadPoolExecutor.java:1149)
	at java.util.concurrent.ThreadPoolExecutor$Worker.run(ThreadPoolExecutor.java:624)
	at java.lang.Thread.run(Thread.java:748)
... Removed 20 stack frames]]>
    </failure>
  </testcase> <!-- activityBannerCase -->
</testsuite> <!-- c8ebc45e -->
