<?xml version="1.0" encoding="UTF-8"?>
<testng-results skipped="0" failed="0" total="1" passed="1">
  <reporter-output>
  </reporter-output>
  <suite name="Suite" duration-ms="62005" started-at="2018-05-04T09:46:23Z" finished-at="2018-05-04T09:47:25Z">
    <groups>
    </groups>
    <test name="c8ebc45e" duration-ms="62005" started-at="2018-05-04T09:46:23Z" finished-at="2018-05-04T09:47:25Z">
      <class name="cn.h5.appium.testcases.communityActivityCase">
        <test-method status="PASS" signature="beforeClass(java.lang.String, java.lang.String)[pri:0, instance:cn.h5.appium.testcases.communityActivityCase@72d818d1]" name="beforeClass" is-config="true" duration-ms="28271" started-at="2018-05-04T17:46:23Z" finished-at="2018-05-04T17:46:51Z">
          <params>
            <param index="0">
              <value>
                <![CDATA[c8ebc45e]]>
              </value>
            </param>
            <param index="1">
              <value>
                <![CDATA[4723]]>
              </value>
            </param>
          </params>
          <reporter-output>
          </reporter-output>
        </test-method> <!-- beforeClass -->
        <test-method status="PASS" signature="activityBannerCase()[pri:0, instance:cn.h5.appium.testcases.communityActivityCase@72d818d1]" name="activityBannerCase" duration-ms="33726" started-at="2018-05-04T17:46:51Z" finished-at="2018-05-04T17:47:25Z">
          <reporter-output>
          </reporter-output>
        </test-method> <!-- activityBannerCase -->
        <test-method status="PASS" signature="afterMethod()[pri:0, instance:cn.h5.appium.testcases.communityActivityCase@72d818d1]" name="afterMethod" is-config="true" duration-ms="1" started-at="2018-05-04T17:47:25Z" finished-at="2018-05-04T17:47:25Z">
          <reporter-output>
          </reporter-output>
        </test-method> <!-- afterMethod -->
        <test-method status="PASS" signature="quit()[pri:0, instance:cn.h5.appium.testcases.communityActivityCase@72d818d1]" name="quit" is-config="true" duration-ms="4765" started-at="2018-05-04T17:47:25Z" finished-at="2018-05-04T17:47:30Z">
          <reporter-output>
          </reporter-output>
        </test-method> <!-- quit -->
      </class> <!-- cn.h5.appium.testcases.communityActivityCase -->
    </test> <!-- c8ebc45e -->
  </suite> <!-- Suite -->
</testng-results>
